# JRE version: OpenJDK Runtime Environment (8.0_232-b09) (build 1.8.0_232-b09)
# Java VM: OpenJDK 64-Bit Server VM (25.232-b09 mixed mode windows-amd64 compressed oops)
Heap:
 PSYoungGen      total 175104K, used 148154K [0x00000000d5580000, 0x00000000e1980000, 0x0000000100000000)
  eden space 165376K, 84% used [0x00000000d5580000,0x00000000dde869a8,0x00000000df700000)
  from space 9728K, 80% used [0x00000000e0100000,0x00000000e08a8220,0x00000000e0a80000)
  to   space 10240K, 0% used [0x00000000df700000,0x00000000df700000,0x00000000e0100000)
 ParOldGen       total 52224K, used 13000K [0x0000000080000000, 0x0000000083300000, 0x00000000d5580000)
  object space 52224K, 24% used [0x0000000080000000,0x0000000080cb2170,0x0000000083300000)
 Metaspace       used 31898K, capacity 32714K, committed 33024K, reserved 1079296K
  class space    used 3553K, capacity 3797K, committed 3840K, reserved 1048576K
GC Heap History (22 events):
Event: 1.269 GC heap before
{Heap before GC invocations=1 (full 0):
 PSYoungGen      total 38400K, used 33280K [0x00000000d5580000, 0x00000000d8000000, 0x0000000100000000)
  eden space 33280K, 100% used [0x00000000d5580000,0x00000000d7600000,0x00000000d7600000)
  from space 5120K, 0% used [0x00000000d7b00000,0x00000000d7b00000,0x00000000d8000000)
  to   space 5120K, 0% used [0x00000000d7600000,0x00000000d7600000,0x00000000d7b00000)
 ParOldGen       total 87552K, used 0K [0x0000000080000000, 0x0000000085580000, 0x00000000d5580000)
  object space 87552K, 0% used [0x0000000080000000,0x0000000080000000,0x0000000085580000)
 Metaspace       used 6350K, capacity 6500K, committed 6656K, reserved 1056768K
  class space    used 681K, capacity 720K, committed 768K, reserved 1048576K
Event: 1.274 GC heap after
Heap after GC invocations=1 (full 0):
 PSYoungGen      total 38400K, used 3412K [0x00000000d5580000, 0x00000000d8000000, 0x0000000100000000)
  eden space 33280K, 0% used [0x00000000d5580000,0x00000000d5580000,0x00000000d7600000)
  from space 5120K, 66% used [0x00000000d7600000,0x00000000d7955160,0x00000000d7b00000)
  to   space 5120K, 0% used [0x00000000d7b00000,0x00000000d7b00000,0x00000000d8000000)
 ParOldGen       total 87552K, used 0K [0x0000000080000000, 0x0000000085580000, 0x00000000d5580000)
  object space 87552K, 0% used [0x0000000080000000,0x0000000080000000,0x0000000085580000)
 Metaspace       used 6350K, capacity 6500K, committed 6656K, reserved 1056768K
  class space    used 681K, capacity 720K, committed 768K, reserved 1048576K
}
Event: 2.079 GC heap before
{Heap before GC invocations=2 (full 0):
 PSYoungGen      total 38400K, used 36692K [0x00000000d5580000, 0x00000000d8000000, 0x0000000100000000)
  eden space 33280K, 100% used [0x00000000d5580000,0x00000000d7600000,0x00000000d7600000)
  from space 5120K, 66% used [0x00000000d7600000,0x00000000d7955160,0x00000000d7b00000)
  to   space 5120K, 0% used [0x00000000d7b00000,0x00000000d7b00000,0x00000000d8000000)
 ParOldGen       total 87552K, used 0K [0x0000000080000000, 0x0000000085580000, 0x00000000d5580000)
  object space 87552K, 0% used [0x0000000080000000,0x0000000080000000,0x0000000085580000)
 Metaspace       used 9625K, capacity 9712K, committed 9856K, reserved 1058816K
  class space    used 1092K, capacity 1106K, committed 1152K, reserved 1048576K
Event: 2.091 GC heap after
Heap after GC invocations=2 (full 0):
 PSYoungGen      total 38400K, used 4937K [0x00000000d5580000, 0x00000000d8000000, 0x0000000100000000)
  eden space 33280K, 0% used [0x00000000d5580000,0x00000000d5580000,0x00000000d7600000)
  from space 5120K, 96% used [0x00000000d7b00000,0x00000000d7fd2748,0x00000000d8000000)
  to   space 5120K, 0% used [0x00000000d7600000,0x00000000d7600000,0x00000000d7b00000)
 ParOldGen       total 87552K, used 0K [0x0000000080000000, 0x0000000085580000, 0x00000000d5580000)
  object space 87552K, 0% used [0x0000000080000000,0x0000000080000000,0x0000000085580000)
 Metaspace       used 9625K, capacity 9712K, committed 9856K, reserved 1058816K
  class space    used 1092K, capacity 1106K, committed 1152K, reserved 1048576K
}
Event: 2.860 GC heap before
{Heap before GC invocations=3 (full 0):
 PSYoungGen      total 38400K, used 38217K [0x00000000d5580000, 0x00000000d8000000, 0x0000000100000000)
  eden space 33280K, 100% used [0x00000000d5580000,0x00000000d7600000,0x00000000d7600000)
  from space 5120K, 96% used [0x00000000d7b00000,0x00000000d7fd2748,0x00000000d8000000)
  to   space 5120K, 0% used [0x00000000d7600000,0x00000000d7600000,0x00000000d7b00000)
 ParOldGen       total 87552K, used 0K [0x0000000080000000, 0x0000000085580000, 0x00000000d5580000)
  object space 87552K, 0% used [0x0000000080000000,0x0000000080000000,0x0000000085580000)
 Metaspace       used 13769K, capacity 14040K, committed 14336K, reserved 1062912K
  class space    used 1612K, capacity 1712K, committed 1792K, reserved 1048576K
Event: 2.867 GC heap after
Heap after GC invocations=3 (full 0):
 PSYoungGen      total 38400K, used 5077K [0x00000000d5580000, 0x00000000d8000000, 0x0000000100000000)
  eden space 33280K, 0% used [0x00000000d5580000,0x00000000d5580000,0x00000000d7600000)
  from space 5120K, 99% used [0x00000000d7600000,0x00000000d7af55f8,0x00000000d7b00000)
  to   space 5120K, 0% used [0x00000000d7b00000,0x00000000d7b00000,0x00000000d8000000)
 ParOldGen       total 87552K, used 8K [0x0000000080000000, 0x0000000085580000, 0x00000000d5580000)
  object space 87552K, 0% used [0x0000000080000000,0x0000000080002000,0x0000000085580000)
 Metaspace       used 13769K, capacity 14040K, committed 14336K, reserved 1062912K
  class space    used 1612K, capacity 1712K, committed 1792K, reserved 1048576K
}
Event: 3.668 GC heap before
{Heap before GC invocations=4 (full 0):
 PSYoungGen      total 38400K, used 38357K [0x00000000d5580000, 0x00000000d8000000, 0x0000000100000000)
  eden space 33280K, 100% used [0x00000000d5580000,0x00000000d7600000,0x00000000d7600000)
  from space 5120K, 99% used [0x00000000d7600000,0x00000000d7af55f8,0x00000000d7b00000)
  to   space 5120K, 0% used [0x00000000d7b00000,0x00000000d7b00000,0x00000000d8000000)
 ParOldGen       total 87552K, used 8K [0x0000000080000000, 0x0000000085580000, 0x00000000d5580000)
  object space 87552K, 0% used [0x0000000080000000,0x0000000080002000,0x0000000085580000)
 Metaspace       used 16055K, capacity 16320K, committed 16512K, reserved 1064960K
  class space    used 1793K, capacity 1884K, committed 1920K, reserved 1048576K
Event: 3.680 GC heap after
Heap after GC invocations=4 (full 0):
 PSYoungGen      total 38400K, used 5116K [0x00000000d5580000, 0x00000000da080000, 0x0000000100000000)
  eden space 33280K, 0% used [0x00000000d5580000,0x00000000d5580000,0x00000000d7600000)
  from space 5120K, 99% used [0x00000000d7b00000,0x00000000d7fff330,0x00000000d8000000)
  to   space 5120K, 0% used [0x00000000d7600000,0x00000000d7600000,0x00000000d7b00000)
 ParOldGen       total 87552K, used 2679K [0x0000000080000000, 0x0000000085580000, 0x00000000d5580000)
  object space 87552K, 3% used [0x0000000080000000,0x000000008029dde8,0x0000000085580000)
 Metaspace       used 16055K, capacity 16320K, committed 16512K, reserved 1064960K
  class space    used 1793K, capacity 1884K, committed 1920K, reserved 1048576K
}
Event: 4.496 GC heap before
{Heap before GC invocations=5 (full 0):
 PSYoungGen      total 38400K, used 38396K [0x00000000d5580000, 0x00000000da080000, 0x0000000100000000)
  eden space 33280K, 100% used [0x00000000d5580000,0x00000000d7600000,0x00000000d7600000)
  from space 5120K, 99% used [0x00000000d7b00000,0x00000000d7fff330,0x00000000d8000000)
  to   space 5120K, 0% used [0x00000000d7600000,0x00000000d7600000,0x00000000d7b00000)
 ParOldGen       total 87552K, used 2679K [0x0000000080000000, 0x0000000085580000, 0x00000000d5580000)
  object space 87552K, 3% used [0x0000000080000000,0x000000008029dde8,0x0000000085580000)
 Metaspace       used 18606K, capacity 18848K, committed 19072K, reserved 1067008K
  class space    used 2083K, capacity 2168K, committed 2176K, reserved 1048576K
Event: 4.508 GC heap after
Heap after GC invocations=5 (full 0):
 PSYoungGen      total 38400K, used 5107K [0x00000000d5580000, 0x00000000da880000, 0x0000000100000000)
  eden space 33280K, 0% used [0x00000000d5580000,0x00000000d5580000,0x00000000d7600000)
  from space 5120K, 99% used [0x00000000d7600000,0x00000000d7afcdb8,0x00000000d7b00000)
  to   space 9216K, 0% used [0x00000000d9f80000,0x00000000d9f80000,0x00000000da880000)
 ParOldGen       total 87552K, used 4966K [0x0000000080000000, 0x0000000085580000, 0x00000000d5580000)
  object space 87552K, 5% used [0x0000000080000000,0x00000000804d99e0,0x0000000085580000)
 Metaspace       used 18606K, capacity 18848K, committed 19072K, reserved 1067008K
  class space    used 2083K, capacity 2168K, committed 2176K, reserved 1048576K
}
Event: 5.300 GC heap before
{Heap before GC invocations=6 (full 0):
 PSYoungGen      total 38400K, used 38387K [0x00000000d5580000, 0x00000000da880000, 0x0000000100000000)
  eden space 33280K, 100% used [0x00000000d5580000,0x00000000d7600000,0x00000000d7600000)
  from space 5120K, 99% used [0x00000000d7600000,0x00000000d7afcdb8,0x00000000d7b00000)
  to   space 9216K, 0% used [0x00000000d9f80000,0x00000000d9f80000,0x00000000da880000)
 ParOldGen       total 87552K, used 4966K [0x0000000080000000, 0x0000000085580000, 0x00000000d5580000)
  object space 87552K, 5% used [0x0000000080000000,0x00000000804d99e0,0x0000000085580000)
 Metaspace       used 20618K, capacity 20946K, committed 21120K, reserved 1069056K
  class space    used 2316K, capacity 2419K, committed 2432K, reserved 1048576K
Event: 5.314 GC heap after
Heap after GC invocations=6 (full 0):
 PSYoungGen      total 75776K, used 6871K [0x00000000d5580000, 0x00000000da880000, 0x0000000100000000)
  eden space 66560K, 0% used [0x00000000d5580000,0x00000000d5580000,0x00000000d9680000)
  from space 9216K, 74% used [0x00000000d9f80000,0x00000000da635dc0,0x00000000da880000)
  to   space 9216K, 0% used [0x00000000d9680000,0x00000000d9680000,0x00000000d9f80000)
 ParOldGen       total 87552K, used 4974K [0x0000000080000000, 0x0000000085580000, 0x00000000d5580000)
  object space 87552K, 5% used [0x0000000080000000,0x00000000804db9e0,0x0000000085580000)
 Metaspace       used 20618K, capacity 20946K, committed 21120K, reserved 1069056K
  class space    used 2316K, capacity 2419K, committed 2432K, reserved 1048576K
}
Event: 5.419 GC heap before
{Heap before GC invocations=7 (full 0):
 PSYoungGen      total 75776K, used 14633K [0x00000000d5580000, 0x00000000da880000, 0x0000000100000000)
  eden space 66560K, 11% used [0x00000000d5580000,0x00000000d5d14718,0x00000000d9680000)
  from space 9216K, 74% used [0x00000000d9f80000,0x00000000da635dc0,0x00000000da880000)
  to   space 9216K, 0% used [0x00000000d9680000,0x00000000d9680000,0x00000000d9f80000)
 ParOldGen       total 87552K, used 4974K [0x0000000080000000, 0x0000000085580000, 0x00000000d5580000)
  object space 87552K, 5% used [0x0000000080000000,0x00000000804db9e0,0x0000000085580000)
 Metaspace       used 20784K, capacity 21118K, committed 21296K, reserved 1069056K
  class space    used 2344K, capacity 2455K, committed 2560K, reserved 1048576K
Event: 5.432 GC heap after
Heap after GC invocations=7 (full 0):
 PSYoungGen      total 75776K, used 4963K [0x00000000d5580000, 0x00000000de980000, 0x0000000100000000)
  eden space 66560K, 0% used [0x00000000d5580000,0x00000000d5580000,0x00000000d9680000)
  from space 9216K, 53% used [0x00000000d9680000,0x00000000d9b58fe8,0x00000000d9f80000)
  to   space 9216K, 0% used [0x00000000de080000,0x00000000de080000,0x00000000de980000)
 ParOldGen       total 87552K, used 5806K [0x0000000080000000, 0x0000000085580000, 0x00000000d5580000)
  object space 87552K, 6% used [0x0000000080000000,0x00000000805ab820,0x0000000085580000)
 Metaspace       used 20784K, capacity 21118K, committed 21296K, reserved 1069056K
  class space    used 2344K, capacity 2455K, committed 2560K, reserved 1048576K
}
Event: 5.432 GC heap before
{Heap before GC invocations=8 (full 1):
 PSYoungGen      total 75776K, used 4963K [0x00000000d5580000, 0x00000000de980000, 0x0000000100000000)
  eden space 66560K, 0% used [0x00000000d5580000,0x00000000d5580000,0x00000000d9680000)
  from space 9216K, 53% used [0x00000000d9680000,0x00000000d9b58fe8,0x00000000d9f80000)
  to   space 9216K, 0% used [0x00000000de080000,0x00000000de080000,0x00000000de980000)
 ParOldGen       total 87552K, used 5806K [0x0000000080000000, 0x0000000085580000, 0x00000000d5580000)
  object space 87552K, 6% used [0x0000000080000000,0x00000000805ab820,0x0000000085580000)
 Metaspace       used 20784K, capacity 21118K, committed 21296K, reserved 1069056K
  class space    used 2344K, capacity 2455K, committed 2560K, reserved 1048576K
Event: 5.481 GC heap after
Heap after GC invocations=8 (full 1):
 PSYoungGen      total 75776K, used 0K [0x00000000d5580000, 0x00000000de980000, 0x0000000100000000)
  eden space 66560K, 0% used [0x00000000d5580000,0x00000000d5580000,0x00000000d9680000)
  from space 9216K, 0% used [0x00000000d9680000,0x00000000d9680000,0x00000000d9f80000)
  to   space 9216K, 0% used [0x00000000de080000,0x00000000de080000,0x00000000de980000)
 ParOldGen       total 52224K, used 9331K [0x0000000080000000, 0x0000000083300000, 0x00000000d5580000)
  object space 52224K, 17% used [0x0000000080000000,0x000000008091cef0,0x0000000083300000)
 Metaspace       used 20784K, capacity 21118K, committed 21296K, reserved 1069056K
  class space    used 2344K, capacity 2455K, committed 2560K, reserved 1048576K
}
Event: 151.646 GC heap before
{Heap before GC invocations=9 (full 1):
 PSYoungGen      total 75776K, used 66560K [0x00000000d5580000, 0x00000000de980000, 0x0000000100000000)
  eden space 66560K, 100% used [0x00000000d5580000,0x00000000d9680000,0x00000000d9680000)
  from space 9216K, 0% used [0x00000000d9680000,0x00000000d9680000,0x00000000d9f80000)
  to   space 9216K, 0% used [0x00000000de080000,0x00000000de080000,0x00000000de980000)
 ParOldGen       total 52224K, used 9331K [0x0000000080000000, 0x0000000083300000, 0x00000000d5580000)
  object space 52224K, 17% used [0x0000000080000000,0x000000008091cef0,0x0000000083300000)
 Metaspace       used 28332K, capacity 29024K, committed 29184K, reserved 1075200K
  class space    used 3322K, capacity 3544K, committed 3584K, reserved 1048576K
Event: 151.659 GC heap after
Heap after GC invocations=9 (full 1):
 PSYoungGen      total 124416K, used 7655K [0x00000000d5580000, 0x00000000de800000, 0x0000000100000000)
  eden space 116736K, 0% used [0x00000000d5580000,0x00000000d5580000,0x00000000dc780000)
  from space 7680K, 99% used [0x00000000de080000,0x00000000de7f9db0,0x00000000de800000)
  to   space 9728K, 0% used [0x00000000dd500000,0x00000000dd500000,0x00000000dde80000)
 ParOldGen       total 52224K, used 9339K [0x0000000080000000, 0x0000000083300000, 0x00000000d5580000)
  object space 52224K, 17% used [0x0000000080000000,0x000000008091eef0,0x0000000083300000)
 Metaspace       used 28332K, capacity 29024K, committed 29184K, reserved 1075200K
  class space    used 3322K, capacity 3544K, committed 3584K, reserved 1048576K
}
Event: 773.608 GC heap before
{Heap before GC invocations=10 (full 1):
 PSYoungGen      total 124416K, used 124391K [0x00000000d5580000, 0x00000000de800000, 0x0000000100000000)
  eden space 116736K, 100% used [0x00000000d5580000,0x00000000dc780000,0x00000000dc780000)
  from space 7680K, 99% used [0x00000000de080000,0x00000000de7f9db0,0x00000000de800000)
  to   space 9728K, 0% used [0x00000000dd500000,0x00000000dd500000,0x00000000dde80000)
 ParOldGen       total 52224K, used 9339K [0x0000000080000000, 0x0000000083300000, 0x00000000d5580000)
  object space 52224K, 17% used [0x0000000080000000,0x000000008091eef0,0x0000000083300000)
 Metaspace       used 29197K, capacity 29960K, committed 30208K, reserved 1075200K
  class space    used 3333K, capacity 3554K, committed 3584K, reserved 1048576K
Event: 773.623 GC heap after
Heap after GC invocations=10 (full 1):
 PSYoungGen      total 140288K, used 7372K [0x00000000d5580000, 0x00000000e0a80000, 0x0000000100000000)
  eden space 130560K, 0% used [0x00000000d5580000,0x00000000d5580000,0x00000000dd500000)
  from space 9728K, 75% used [0x00000000dd500000,0x00000000ddc33188,0x00000000dde80000)
  to   space 9728K, 0% used [0x00000000e0100000,0x00000000e0100000,0x00000000e0a80000)
 ParOldGen       total 52224K, used 9347K [0x0000000080000000, 0x0000000083300000, 0x00000000d5580000)
  object space 52224K, 17% used [0x0000000080000000,0x0000000080920ef0,0x0000000083300000)
 Metaspace       used 29197K, capacity 29960K, committed 30208K, reserved 1075200K
  class space    used 3333K, capacity 3554K, committed 3584K, reserved 1048576K
}
Event: 1891.958 GC heap before
{Heap before GC invocations=11 (full 1):
 PSYoungGen      total 140288K, used 137932K [0x00000000d5580000, 0x00000000e0a80000, 0x0000000100000000)
  eden space 130560K, 100% used [0x00000000d5580000,0x00000000dd500000,0x00000000dd500000)
  from space 9728K, 75% used [0x00000000dd500000,0x00000000ddc33188,0x00000000dde80000)
  to   space 9728K, 0% used [0x00000000e0100000,0x00000000e0100000,0x00000000e0a80000)
 ParOldGen       total 52224K, used 9347K [0x0000000080000000, 0x0000000083300000, 0x00000000d5580000)
  object space 52224K, 17% used [0x0000000080000000,0x0000000080920ef0,0x0000000083300000)
 Metaspace       used 29629K, capacity 30416K, committed 30464K, reserved 1077248K
  class space    used 3335K, capacity 3554K, committed 3584K, reserved 1048576K
Event: 1892.196 GC heap after
Heap after GC invocations=11 (full 1):
 PSYoungGen      total 175104K, used 7840K [0x00000000d5580000, 0x00000000e1980000, 0x0000000100000000)
  eden space 165376K, 0% used [0x00000000d5580000,0x00000000d5580000,0x00000000df700000)
  from space 9728K, 80% used [0x00000000e0100000,0x00000000e08a8220,0x00000000e0a80000)
  to   space 10240K, 0% used [0x00000000df700000,0x00000000df700000,0x00000000e0100000)
 ParOldGen       total 52224K, used 13000K [0x0000000080000000, 0x0000000083300000, 0x00000000d5580000)
  object space 52224K, 24% used [0x0000000080000000,0x0000000080cb2170,0x0000000083300000)
 Metaspace       used 29629K, capacity 30416K, committed 30464K, reserved 1077248K
  class space    used 3335K, capacity 3554K, committed 3584K, reserved 1048576K
}

